<?xml version="1.0" encoding="UTF-8"?>
<!-- Generated by org.testng.reporters.JUnitReportReporter -->
<testsuite hostname="LAPTOP-HTBC8QLB" failures="0" tests="1" name="Ecom.LaunchLifestyle" time="7.092" errors="0" timestamp="2024-05-21T15:51:03 IST" skipped="0">
  <testcase classname="Ecom.LaunchLifestyle" name="Lifestyle" time="7.092"/>
  <system-out>
window is maximized, true  </system-out>
</testsuite> <!-- Ecom.LaunchLifestyle -->
