<?xml version="1.0" encoding="UTF-8"?>
<!-- Generated by org.testng.reporters.JUnitReportReporter -->
<testsuite hostname="LAPTOP-HTBC8QLB" failures="0" tests="1" name="Food.LaunchBurgerKing_test" time="4.991" errors="0" timestamp="2024-05-24T12:33:31 IST" skipped="0">
  <testcase classname="Food.LaunchBurgerKing_test" name="BurgerKing" time="4.991"/>
  <system-out>
window is maximized, true  </system-out>
</testsuite> <!-- Food.LaunchBurgerKing_test -->
