<?xml version="1.0" encoding="UTF-8"?>
<!-- Generated by org.testng.reporters.JUnitReportReporter -->
<testsuite hostname="LAPTOP-HTBC8QLB" failures="0" tests="1" name="Food.LaunchKfc" time="6.445" errors="0" timestamp="2024-05-21T15:53:46 IST" skipped="0">
  <testcase classname="Food.LaunchKfc" name="Kfc" time="6.445"/>
  <system-out>
window is maximized, true  </system-out>
</testsuite> <!-- Food.LaunchKfc -->
