<?xml version="1.0" encoding="UTF-8"?>
<!-- Generated by org.testng.reporters.JUnitReportReporter -->
<testsuite hostname="LAPTOP-HTBC8QLB" failures="0" tests="1" name="Ecom.LaunchFlipkart" time="6.633" errors="0" timestamp="2024-05-21T15:48:11 IST" skipped="0">
  <testcase classname="Ecom.LaunchFlipkart" name="Flipkart" time="6.633"/>
  <system-out>
window is maximized, true  </system-out>
</testsuite> <!-- Ecom.LaunchFlipkart -->
