<?xml version="1.0" encoding="UTF-8"?>
<!-- Generated by org.testng.reporters.JUnitReportReporter -->
<testsuite hostname="LAPTOP-HTBC8QLB" failures="0" tests="1" name="Food.LaunchKfc_test" time="5.567" errors="0" timestamp="2024-05-24T12:33:31 IST" skipped="0">
  <testcase classname="Food.LaunchKfc_test" name="Kfc" time="5.567"/>
  <system-out>
window is maximized, true  </system-out>
</testsuite> <!-- Food.LaunchKfc_test -->
