<?xml version="1.0" encoding="UTF-8"?>
<!-- Generated by org.testng.reporters.JUnitReportReporter -->
<testsuite hostname="LAPTOP-HTBC8QLB" failures="0" tests="1" name="Ecom.LaunchLifestyle_test" time="4.736" errors="0" timestamp="2024-05-24T12:33:31 IST" skipped="0">
  <testcase classname="Ecom.LaunchLifestyle_test" name="Lifestyle" time="4.736"/>
  <system-out>
window is maximized, true  </system-out>
</testsuite> <!-- Ecom.LaunchLifestyle_test -->
