<?xml version="1.0" encoding="UTF-8"?>
<!-- Generated by org.testng.reporters.JUnitReportReporter -->
<testsuite hostname="LAPTOP-HTBC8QLB" failures="0" tests="1" name="Beauty.LaunchSugar_test" time="6.187" errors="0" timestamp="2024-05-24T12:33:31 IST" skipped="0">
  <testcase classname="Beauty.LaunchSugar_test" name="Sugar" time="6.187"/>
  <system-out>
window is maximized, true  </system-out>
</testsuite> <!-- Beauty.LaunchSugar_test -->
