<?xml version="1.0" encoding="UTF-8"?>
<!-- Generated by org.testng.reporters.JUnitReportReporter -->
<testsuite hostname="LAPTOP-HTBC8QLB" failures="0" tests="1" name="Ecom.LaunchAmazon_test$LaunchLoreal_test" time="5.521" errors="0" timestamp="2024-05-24T12:33:31 IST" skipped="0">
  <testcase classname="Ecom.LaunchAmazon_test$LaunchLoreal_test" name="Amazon" time="5.521"/>
  <system-out>
window is maximized, true  </system-out>
</testsuite> <!-- Ecom.LaunchAmazon_test$LaunchLoreal_test -->
