<?xml version="1.0" encoding="UTF-8"?>
<!-- Generated by org.testng.reporters.JUnitReportReporter -->
<testsuite hostname="LAPTOP-HTBC8QLB" failures="0" tests="1" name="Food.LaunchBurgerKing" time="6.453" errors="0" timestamp="2024-05-21T15:56:46 IST" skipped="0">
  <testcase classname="Food.LaunchBurgerKing" name="BurgerKing" time="6.453"/>
  <system-out>
window is maximized, true  </system-out>
</testsuite> <!-- Food.LaunchBurgerKing -->
