<?xml version="1.0" encoding="UTF-8"?>
<!-- Generated by org.testng.reporters.JUnitReportReporter -->
<testsuite hostname="LAPTOP-HTBC8QLB" failures="0" tests="1" name="Ecom.LaunchFlipkart_test" time="7.011" errors="0" timestamp="2024-05-24T12:33:31 IST" skipped="0">
  <testcase classname="Ecom.LaunchFlipkart_test" name="Flipkart" time="7.011"/>
  <system-out>
window is maximized, true  </system-out>
</testsuite> <!-- Ecom.LaunchFlipkart_test -->
