<?xml version="1.0" encoding="UTF-8"?>
<!-- Generated by org.testng.reporters.JUnitReportReporter -->
<testsuite hostname="LAPTOP-HTBC8QLB" failures="0" tests="1" name="Food.LaunchPizzaHut" time="7.600" errors="0" timestamp="2024-05-21T15:55:23 IST" skipped="0">
  <testcase classname="Food.LaunchPizzaHut" name="PizzaHut" time="7.600"/>
  <system-out>
window is maximized, true  </system-out>
</testsuite> <!-- Food.LaunchPizzaHut -->
