<?xml version="1.0" encoding="UTF-8"?>
<!-- Generated by org.testng.reporters.JUnitReportReporter -->
<testsuite hostname="LAPTOP-HTBC8QLB" failures="0" tests="1" name="Reports.TestScript01" time="9.743" errors="0" timestamp="2024-05-24T15:54:07 IST" skipped="0">
  <testcase classname="Reports.TestScript01" name="launch" time="9.743"/>
  <system-out/>
</testsuite> <!-- Reports.TestScript01 -->
