<?xml version="1.0" encoding="UTF-8"?>
<!-- Generated by org.testng.reporters.JUnitReportReporter -->
<testsuite hostname="LAPTOP-HTBC8QLB" failures="0" tests="1" name="Food.LaunchPizzaHut_test" time="8.815" errors="0" timestamp="2024-05-24T12:33:31 IST" skipped="0">
  <testcase classname="Food.LaunchPizzaHut_test" name="PizzaHut" time="8.815"/>
  <system-out>
window is maximized, true  </system-out>
</testsuite> <!-- Food.LaunchPizzaHut_test -->
